

❯ ./configure --prefix=/opt/libevent                                                                                                                                                                                master ◼
checking for a BSD-compatible install... /usr/bin/install -c
checking whether build environment is sane... yes
checking for a thread-safe mkdir -p... /usr/bin/mkdir -p
checking for gawk... no
checking for mawk... mawk
checking whether make sets $(MAKE)... yes
checking whether make supports nested variables... yes
checking whether make supports nested variables... (cached) yes
checking whether make supports the include directive... yes (GNU style)
checking for gcc... gcc
checking whether the C compiler works... yes
checking for C compiler default output file name... a.out
checking for suffix of executables... 
checking whether we are cross compiling... no
checking for suffix of object files... o
checking whether we are using the GNU C compiler... yes
checking whether gcc accepts -g... yes
checking for gcc option to accept ISO C89... none needed
checking whether gcc understands -c and -o together... yes
checking dependency style of gcc... gcc3
checking how to run the C preprocessor... gcc -E
checking for grep that handles long lines and -e... /usr/bin/grep
checking for egrep... /usr/bin/grep -E
checking for ANSI C header files... yes
checking for sys/types.h... yes
checking for sys/stat.h... yes
checking for stdlib.h... yes
checking for string.h... yes
checking for memory.h... yes
checking for strings.h... yes
checking for inttypes.h... yes
checking for stdint.h... yes
checking for unistd.h... yes
checking minix/config.h usability... no
checking minix/config.h presence... no
checking for minix/config.h... no
checking whether it is safe to define __EXTENSIONS__... yes
checking build system type... x86_64-pc-linux-gnu
checking host system type... x86_64-pc-linux-gnu
checking whether ln -s works... yes
checking for a sed that does not truncate output... /usr/bin/sed
checking whether gcc needs -traditional... no
checking how to print strings... printf
checking for a sed that does not truncate output... (cached) /usr/bin/sed
checking for fgrep... /usr/bin/grep -F
checking for ld used by gcc... /usr/bin/ld
checking if the linker (/usr/bin/ld) is GNU ld... yes
checking for BSD- or MS-compatible name lister (nm)... /usr/bin/nm -B
checking the name lister (/usr/bin/nm -B) interface... BSD nm
checking the maximum length of command line arguments... 1572864
checking how to convert x86_64-pc-linux-gnu file names to x86_64-pc-linux-gnu format... func_convert_file_noop
checking how to convert x86_64-pc-linux-gnu file names to toolchain format... func_convert_file_noop
checking for /usr/bin/ld option to reload object files... -r
checking for objdump... objdump
checking how to recognize dependent libraries... pass_all
checking for dlltool... no
checking how to associate runtime and link libraries... printf %s\n
checking for ar... ar
checking for archiver @FILE support... @
checking for strip... strip
checking for ranlib... ranlib
checking command to parse /usr/bin/nm -B output from gcc object... ok
checking for sysroot... no
checking for a working dd... /usr/bin/dd
checking how to truncate binary pipes... /usr/bin/dd bs=4096 count=1
checking for mt... mt
checking if mt is a manifest tool... no
checking for dlfcn.h... yes
checking for objdir... .libs
checking if gcc supports -fno-rtti -fno-exceptions... no
checking for gcc option to produce PIC... -fPIC -DPIC
checking if gcc PIC flag -fPIC -DPIC works... yes
checking if gcc static flag -static works... yes
checking if gcc supports -c -o file.o... yes
checking if gcc supports -c -o file.o... (cached) yes
checking whether the gcc linker (/usr/bin/ld -m elf_x86_64) supports shared libraries... yes
checking whether -lc should be explicitly linked in... no
checking dynamic linker characteristics... GNU/Linux ld.so
checking how to hardcode library paths into programs... immediate
checking whether stripping libraries is possible... yes
checking if libtool supports shared libraries... yes
checking whether to build shared libraries... yes
checking whether to build static libraries... yes
checking for library containing inet_ntoa... none required
checking for library containing socket... none required
checking for library containing inet_aton... none required
checking for library containing clock_gettime... none required
checking for clock_gettime... yes
checking for library containing sendfile... none required
checking for WIN32... no
checking for MIDIPIX... no
checking for CYGWIN... no
checking zlib.h usability... yes
checking zlib.h presence... yes
checking for zlib.h... yes
checking for library containing inflateEnd... -lz
checking for special C compiler options needed for large files... no
checking for _FILE_OFFSET_BITS value needed for large files... no
checking for pkg-config... /usr/bin/pkg-config
checking if pkg-config is at least version 0.15.0... yes
checking openssl/ssl.h usability... yes
checking openssl/ssl.h presence... yes
checking for openssl/ssl.h... yes
checking arpa/inet.h usability... yes
checking arpa/inet.h presence... yes
checking for arpa/inet.h... yes
checking fcntl.h usability... yes
checking fcntl.h presence... yes
checking for fcntl.h... yes
checking ifaddrs.h usability... yes
checking ifaddrs.h presence... yes
checking for ifaddrs.h... yes
checking mach/mach_time.h usability... no
checking mach/mach_time.h presence... no
checking for mach/mach_time.h... no
checking mach/mach.h usability... no
checking mach/mach.h presence... no
checking for mach/mach.h... no
checking netdb.h usability... yes
checking netdb.h presence... yes
checking for netdb.h... yes
checking netinet/in.h usability... yes
checking netinet/in.h presence... yes
checking for netinet/in.h... yes
checking netinet/in6.h usability... no
checking netinet/in6.h presence... no
checking for netinet/in6.h... no
checking netinet/tcp.h usability... yes
checking netinet/tcp.h presence... yes
checking for netinet/tcp.h... yes
checking sys/un.h usability... yes
checking sys/un.h presence... yes
checking for sys/un.h... yes
checking poll.h usability... yes
checking poll.h presence... yes
checking for poll.h... yes
checking port.h usability... no
checking port.h presence... no
checking for port.h... no
checking stdarg.h usability... yes
checking stdarg.h presence... yes
checking for stdarg.h... yes
checking stddef.h usability... yes
checking stddef.h presence... yes
checking for stddef.h... yes
checking sys/devpoll.h usability... no
checking sys/devpoll.h presence... no
checking for sys/devpoll.h... no
checking sys/epoll.h usability... yes
checking sys/epoll.h presence... yes
checking for sys/epoll.h... yes
checking sys/event.h usability... no
checking sys/event.h presence... no
checking for sys/event.h... no
checking sys/eventfd.h usability... yes
checking sys/eventfd.h presence... yes
checking for sys/eventfd.h... yes
checking sys/ioctl.h usability... yes
checking sys/ioctl.h presence... yes
checking for sys/ioctl.h... yes
checking sys/mman.h usability... yes
checking sys/mman.h presence... yes
checking for sys/mman.h... yes
checking sys/param.h usability... yes
checking sys/param.h presence... yes
checking for sys/param.h... yes
checking sys/queue.h usability... yes
checking sys/queue.h presence... yes
checking for sys/queue.h... yes
checking sys/resource.h usability... yes
checking sys/resource.h presence... yes
checking for sys/resource.h... yes
checking sys/select.h usability... yes
checking sys/select.h presence... yes
checking for sys/select.h... yes
checking sys/sendfile.h usability... yes
checking sys/sendfile.h presence... yes
checking for sys/sendfile.h... yes
checking sys/socket.h usability... yes
checking sys/socket.h presence... yes
checking for sys/socket.h... yes
checking for sys/stat.h... (cached) yes
checking sys/time.h usability... yes
checking sys/time.h presence... yes
checking for sys/time.h... yes
checking sys/timerfd.h usability... yes
checking sys/timerfd.h presence... yes
checking for sys/timerfd.h... yes
checking sys/uio.h usability... yes
checking sys/uio.h presence... yes
checking for sys/uio.h... yes
checking sys/wait.h usability... yes
checking sys/wait.h presence... yes
checking for sys/wait.h... yes
checking sys/random.h usability... yes
checking sys/random.h presence... yes
checking for sys/random.h... yes
checking errno.h usability... yes
checking errno.h presence... yes
checking for errno.h... yes
checking afunix.h usability... no
checking afunix.h presence... no
checking for afunix.h... no
checking for TAILQ_FOREACH in sys/queue.h... yes
checking for timeradd in sys/time.h... yes
checking for timercmp in sys/time.h... yes
checking for timerclear in sys/time.h... yes
checking for timerisset in sys/time.h... yes
checking for an ANSI C-conforming const... yes
checking for inline... inline
checking whether time.h and sys/time.h may both be included... yes
checking for accept4... yes
checking for arc4random... no
checking for arc4random_buf... no
checking for arc4random_addrandom... no
checking for eventfd... yes
checking for epoll_create1... yes
checking for fcntl... yes
checking for getegid... yes
checking for geteuid... yes
checking for getifaddrs... yes
checking for gettimeofday... yes
checking for issetugid... no
checking for mach_absolute_time... no
checking for mmap... yes
checking for nanosleep... yes
checking for pipe... yes
checking for pipe2... yes
checking for putenv... yes
checking for sendfile... yes
checking for setenv... yes
checking for setrlimit... yes
checking for sigaction... yes
checking for signal... yes
checking for splice... yes
checking for strlcpy... no
checking for strsep... yes
checking for strtok_r... yes
checking for strtoll... yes
checking for sysctl... yes
checking for timerfd_create... yes
checking for umask... yes
checking for unsetenv... yes
checking for usleep... yes
checking for vasprintf... yes
checking for getrandom... yes
checking for getnameinfo... yes
checking for getprotobynumber... yes
checking for getservbyname... yes
checking for inet_ntop... yes
checking for inet_pton... yes
checking for getaddrinfo... yes
checking for F_SETFD in fcntl.h... yes
checking for select... yes
checking for poll... yes
checking for epoll_ctl... yes
checking for port_create... no
checking for pid_t... yes
checking for size_t... yes
checking for ssize_t... yes
checking for uint64_t... yes
checking for uint32_t... yes
checking for uint16_t... yes
checking for uint8_t... yes
checking for uintptr_t... yes
checking for fd_mask... yes
checking size of long long... 8
checking size of long... 8
checking size of int... 4
checking size of short... 2
checking size of size_t... 8
checking size of void *... 8
checking size of off_t... 8
checking size of time_t... 8
checking for struct in6_addr... yes
checking for struct sockaddr_in6... yes
checking for struct sockaddr_un... yes
checking for sa_family_t... yes
checking for struct addrinfo... yes
checking for struct sockaddr_storage... yes
checking for struct in6_addr.s6_addr32... yes
checking for struct in6_addr.s6_addr16... yes
checking for struct sockaddr_in.sin_len... no
checking for struct sockaddr_in6.sin6_len... no
checking for struct sockaddr_storage.ss_family... yes
checking for struct sockaddr_storage.__ss_family... no
checking for struct linger... yes
checking for socklen_t... yes
checking whether our compiler supports __func__... yes
checking whether our compiler supports __FUNCTION__... yes
checking for the pthreads library -lpthreads... no
checking whether pthreads work without any flags... no
checking whether pthreads work with -Kthread... no
checking whether pthreads work with -kthread... no
checking for the pthreads library -llthread... no
checking whether pthreads work with -pthread... yes
checking for joinable pthread attribute... PTHREAD_CREATE_JOINABLE
checking if more special flags are required for pthreads... no
checking size of pthread_t... 8
checking that generated files are newer than configure... done
configure: creating ./config.status
config.status: creating libevent.pc
config.status: creating libevent_openssl.pc
config.status: creating libevent_pthreads.pc
config.status: creating libevent_core.pc
config.status: creating libevent_extra.pc
config.status: creating Makefile
config.status: creating config.h
config.status: creating evconfig-private.h
config.status: executing depfiles commands
config.status: executing libtool commands
root@debian /opt/libevent/archive/source/libevent-2.1.12-stable
❯ make                                                                                                                                                                                                              master ◼
  GEN      test/rpcgen-attempted
  GEN      include/event2/event-config.h
make  all-am
make[1]: Entering directory '/opt/libevent/archive/source/libevent-2.1.12-stable'
  CC       sample/dns-example.o
  CC       buffer.lo
  CC       bufferevent.lo
  CC       bufferevent_filter.lo
  CC       bufferevent_pair.lo
  CC       bufferevent_ratelim.lo
  CC       bufferevent_sock.lo
  CC       event.lo
  CC       evmap.lo
  CC       evthread.lo
  CC       evutil.lo
  CC       evutil_rand.lo
  CC       evutil_time.lo
  CC       listener.lo
  CC       log.lo
  CC       strlcpy.lo
  CC       select.lo
  CC       poll.lo
  CC       epoll.lo
  CC       signal.lo
  CC       evdns.lo
  CC       event_tagging.lo
  CC       evrpc.lo
  CC       http.lo
  CCLD     libevent.la
  CCLD     sample/dns-example
  CC       sample/event-read-fifo.o
  CCLD     sample/event-read-fifo
  CC       sample/hello-world.o
  CCLD     sample/hello-world
  CC       sample/http-server.o
  CCLD     sample/http-server
  CC       sample/http-connect.o
  CCLD     sample/http-connect
  CC       sample/signal-test.o
  CCLD     sample/signal-test
  CC       sample/time-test.o
  CCLD     sample/time-test
  CC       sample/le_proxy-le-proxy.o
  CC       libevent_openssl_la-bufferevent_openssl.lo
In file included from /opt/openssl/include/openssl/ssl.h:18,
                 from bufferevent_openssl.c:66:
bufferevent_openssl.c: In function ‘bufferevent_openssl_socket_new’:
/opt/openssl/include/openssl/bio.h:481:34: warning: value computed is not used [-Wunused-value]
 # define BIO_set_close(b,c)      (int)BIO_ctrl(b,BIO_CTRL_SET_CLOSE,(c),NULL)
                                  ^~~~~~~~~~~~~~~~~~~~~~~~~~~~~~~~~~~~~~~~~~~~
bufferevent_openssl.c:1466:3: note: in expansion of macro ‘BIO_set_close’
   BIO_set_close(bio, 0);
   ^~~~~~~~~~~~~
  CCLD     libevent_openssl.la
  CCLD     sample/le-proxy
  CC       sample/https_client-https-client.o
  CC       sample/https_client-hostcheck.o
  CC       sample/https_client-openssl_hostname_validation.o
  CCLD     sample/https-client
  CC       test/bench.o
  CCLD     test/bench
  CC       test/bench_cascade.o
  CCLD     test/bench_cascade
  CC       test/bench_http.o
  CCLD     test/bench_http
  CC       test/bench_httpclient.o
  CCLD     libevent_core.la
  CCLD     test/bench_httpclient
  CC       test/test-changelist.o
  CCLD     test/test-changelist
  CC       test/test-dumpevents.o
  CCLD     test/test-dumpevents
  CC       test/test-eof.o
  CCLD     test/test-eof
  CC       test/test-closed.o
  CCLD     test/test-closed
  CC       test/test-fdleak.o
  CCLD     test/test-fdleak
  CC       test/test-init.o
  CCLD     test/test-init
  CC       test/test-ratelim.o
  CCLD     test/test-ratelim
  CC       test/test-time.o
  CCLD     test/test-time
  CC       test/test-weof.o
  CCLD     test/test-weof
  CC       test/regress-regress.o
  CC       test/regress-regress.gen.o
  CC       test/regress-regress_buffer.o
In file included from test/regress.h:35,
                 from test/regress_buffer.c:64:
test/regress_buffer.c: In function ‘test_evbuffer_pullup_with_empty’:
test/tinytest_macros.h:116:15: warning: cast from function call of type ‘unsigned char *’ to non-matching type ‘long int’ [-Wbad-function-cast]
  type val1_ = (type)(a);      \
               ^
test/tinytest_macros.h:144:2: note: in expansion of macro ‘tt_assert_test_fmt_type’
  tt_assert_test_fmt_type(a,b,str_test,type,test,type,fmt, \
  ^~~~~~~~~~~~~~~~~~~~~~~
test/tinytest_macros.h:158:2: note: in expansion of macro ‘tt_assert_test_type’
  tt_assert_test_type(a,b,#a" "#op" "#b,long,(val1_ op val2_), \
  ^~~~~~~~~~~~~~~~~~~
test/regress_buffer.c:444:2: note: in expansion of macro ‘tt_int_op’
  tt_int_op(evbuffer_pullup(buf, -1), ==, NULL);
  ^~~~~~~~~
  CC       test/regress-regress_bufferevent.o
  CC       test/regress-regress_dns.o
  CC       test/regress-regress_et.o
  CC       test/regress-regress_finalize.o
  CC       test/regress-regress_http.o
  CC       test/regress-regress_listener.o
  CC       test/regress-regress_main.o
  CC       test/regress-regress_minheap.o
  CC       test/regress-regress_rpc.o
  CC       test/regress-regress_testutils.o
  CC       test/regress-regress_util.o
  CC       test/regress-tinytest.o
  CC       test/regress-regress_thread.o
  CC       test/regress-regress_zlib.o
  CC       test/regress-regress_ssl.o
  CCLD     libevent_extra.la
  CC       evthread_pthread.lo
  CCLD     libevent_pthreads.la
  CCLD     test/regress
make[1]: Leaving directory '/opt/libevent/archive/source/libevent-2.1.12-stable'
root@debian /opt/libevent/archive/source/libevent-2.1.12-stable
❯ make install                                                                                                                                                                                                      master ◼
make  install-am
make[1]: Entering directory '/opt/libevent/archive/source/libevent-2.1.12-stable'
make[2]: Entering directory '/opt/libevent/archive/source/libevent-2.1.12-stable'
 /usr/bin/mkdir -p '/opt/libevent/bin'
 /usr/bin/install -c event_rpcgen.py '/opt/libevent/bin'
 /usr/bin/mkdir -p '/opt/libevent/lib'
 /bin/bash ./libtool   --mode=install /usr/bin/install -c   libevent.la libevent_core.la libevent_extra.la libevent_pthreads.la libevent_openssl.la '/opt/libevent/lib'
libtool: install: /usr/bin/install -c .libs/libevent-2.1.so.7.0.1 /opt/libevent/lib/libevent-2.1.so.7.0.1
libtool: install: (cd /opt/libevent/lib && { ln -s -f libevent-2.1.so.7.0.1 libevent-2.1.so.7 || { rm -f libevent-2.1.so.7 && ln -s libevent-2.1.so.7.0.1 libevent-2.1.so.7; }; })
libtool: install: (cd /opt/libevent/lib && { ln -s -f libevent-2.1.so.7.0.1 libevent.so || { rm -f libevent.so && ln -s libevent-2.1.so.7.0.1 libevent.so; }; })
libtool: install: /usr/bin/install -c .libs/libevent.lai /opt/libevent/lib/libevent.la
libtool: install: /usr/bin/install -c .libs/libevent_core-2.1.so.7.0.1 /opt/libevent/lib/libevent_core-2.1.so.7.0.1
libtool: install: (cd /opt/libevent/lib && { ln -s -f libevent_core-2.1.so.7.0.1 libevent_core-2.1.so.7 || { rm -f libevent_core-2.1.so.7 && ln -s libevent_core-2.1.so.7.0.1 libevent_core-2.1.so.7; }; })
libtool: install: (cd /opt/libevent/lib && { ln -s -f libevent_core-2.1.so.7.0.1 libevent_core.so || { rm -f libevent_core.so && ln -s libevent_core-2.1.so.7.0.1 libevent_core.so; }; })
libtool: install: /usr/bin/install -c .libs/libevent_core.lai /opt/libevent/lib/libevent_core.la
libtool: install: /usr/bin/install -c .libs/libevent_extra-2.1.so.7.0.1 /opt/libevent/lib/libevent_extra-2.1.so.7.0.1
libtool: install: (cd /opt/libevent/lib && { ln -s -f libevent_extra-2.1.so.7.0.1 libevent_extra-2.1.so.7 || { rm -f libevent_extra-2.1.so.7 && ln -s libevent_extra-2.1.so.7.0.1 libevent_extra-2.1.so.7; }; })
libtool: install: (cd /opt/libevent/lib && { ln -s -f libevent_extra-2.1.so.7.0.1 libevent_extra.so || { rm -f libevent_extra.so && ln -s libevent_extra-2.1.so.7.0.1 libevent_extra.so; }; })
libtool: install: /usr/bin/install -c .libs/libevent_extra.lai /opt/libevent/lib/libevent_extra.la
libtool: install: /usr/bin/install -c .libs/libevent_pthreads-2.1.so.7.0.1 /opt/libevent/lib/libevent_pthreads-2.1.so.7.0.1
libtool: install: (cd /opt/libevent/lib && { ln -s -f libevent_pthreads-2.1.so.7.0.1 libevent_pthreads-2.1.so.7 || { rm -f libevent_pthreads-2.1.so.7 && ln -s libevent_pthreads-2.1.so.7.0.1 libevent_pthreads-2.1.so.7; }; })
libtool: install: (cd /opt/libevent/lib && { ln -s -f libevent_pthreads-2.1.so.7.0.1 libevent_pthreads.so || { rm -f libevent_pthreads.so && ln -s libevent_pthreads-2.1.so.7.0.1 libevent_pthreads.so; }; })
libtool: install: /usr/bin/install -c .libs/libevent_pthreads.lai /opt/libevent/lib/libevent_pthreads.la
libtool: install: /usr/bin/install -c .libs/libevent_openssl-2.1.so.7.0.1 /opt/libevent/lib/libevent_openssl-2.1.so.7.0.1
libtool: install: (cd /opt/libevent/lib && { ln -s -f libevent_openssl-2.1.so.7.0.1 libevent_openssl-2.1.so.7 || { rm -f libevent_openssl-2.1.so.7 && ln -s libevent_openssl-2.1.so.7.0.1 libevent_openssl-2.1.so.7; }; })
libtool: install: (cd /opt/libevent/lib && { ln -s -f libevent_openssl-2.1.so.7.0.1 libevent_openssl.so || { rm -f libevent_openssl.so && ln -s libevent_openssl-2.1.so.7.0.1 libevent_openssl.so; }; })
libtool: install: /usr/bin/install -c .libs/libevent_openssl.lai /opt/libevent/lib/libevent_openssl.la
libtool: install: /usr/bin/install -c .libs/libevent.a /opt/libevent/lib/libevent.a
libtool: install: chmod 644 /opt/libevent/lib/libevent.a
libtool: install: ranlib /opt/libevent/lib/libevent.a
libtool: install: /usr/bin/install -c .libs/libevent_core.a /opt/libevent/lib/libevent_core.a
libtool: install: chmod 644 /opt/libevent/lib/libevent_core.a
libtool: install: ranlib /opt/libevent/lib/libevent_core.a
libtool: install: /usr/bin/install -c .libs/libevent_extra.a /opt/libevent/lib/libevent_extra.a
libtool: install: chmod 644 /opt/libevent/lib/libevent_extra.a
libtool: install: ranlib /opt/libevent/lib/libevent_extra.a
libtool: install: /usr/bin/install -c .libs/libevent_pthreads.a /opt/libevent/lib/libevent_pthreads.a
libtool: install: chmod 644 /opt/libevent/lib/libevent_pthreads.a
libtool: install: ranlib /opt/libevent/lib/libevent_pthreads.a
libtool: install: /usr/bin/install -c .libs/libevent_openssl.a /opt/libevent/lib/libevent_openssl.a
libtool: install: chmod 644 /opt/libevent/lib/libevent_openssl.a
libtool: install: ranlib /opt/libevent/lib/libevent_openssl.a
libtool: finish: PATH="/opt/zlib/bin:/opt/vim/bin:/opt/valgrind/bin:/opt/termcap/bin:/opt/sqlite/bin:/opt/shadowsocks/bin:/opt/ruby/bin:/opt/readline/bin:/opt/python3/bin:/opt/python2/bin:/opt/perl/bin:/opt/pcre2/bin:/opt/pcre/bin:/opt/openssl/bin:/opt/lua/bin:/opt/lighttpd/bin:/opt/libxml2/bin:/opt/libxslt/bin:/opt/libuv/bin:/opt/libev/bin:/opt/jemalloc/bin:/opt/java/bin:/opt/httpd/bin:/opt/ffi/bin:/opt/expat/bin:/opt/curl/bin:/opt/cmake/bin:/opt/bzip2/bin:/opt/autoconf/bin:/opt/asciidoc/bin:/opt/apr-util/bin:/opt/apr-iconv/bin:/opt/apr/bin:/root/.local/bin:/usr/games:/usr/local/bin:/usr/local/sbin:/usr/sbin:/usr/bin:/sbin:/bin:/sbin" ldconfig -n /opt/libevent/lib
----------------------------------------------------------------------
Libraries have been installed in:
   /opt/libevent/lib

If you ever happen to want to link against installed libraries
in a given directory, LIBDIR, you must either use libtool, and
specify the full pathname of the library, or use the '-LLIBDIR'
flag during linking and do at least one of the following:
   - add LIBDIR to the 'LD_LIBRARY_PATH' environment variable
     during execution
   - add LIBDIR to the 'LD_RUN_PATH' environment variable
     during linking
   - use the '-Wl,-rpath -Wl,LIBDIR' linker flag
   - have your system administrator add LIBDIR to '/etc/ld.so.conf'

See any operating system documentation about shared libraries for
more information, such as the ld(1) and ld.so(8) manual pages.
----------------------------------------------------------------------
 /usr/bin/mkdir -p '/opt/libevent/include'
 /usr/bin/install -c -m 644 include/evdns.h include/event.h include/evhttp.h include/evrpc.h include/evutil.h '/opt/libevent/include'
 /usr/bin/mkdir -p '/opt/libevent/include/event2'
 /usr/bin/install -c -m 644 include/event2/buffer.h include/event2/buffer_compat.h include/event2/bufferevent.h include/event2/bufferevent_compat.h include/event2/bufferevent_struct.h include/event2/dns.h include/event2/dns_compat.h include/event2/dns_struct.h include/event2/event.h include/event2/event_compat.h include/event2/event_struct.h include/event2/http.h include/event2/http_compat.h include/event2/http_struct.h include/event2/keyvalq_struct.h include/event2/listener.h include/event2/rpc.h include/event2/rpc_compat.h include/event2/rpc_struct.h include/event2/tag.h include/event2/tag_compat.h include/event2/thread.h include/event2/util.h include/event2/visibility.h include/event2/bufferevent_ssl.h '/opt/libevent/include/event2'
 /usr/bin/mkdir -p '/opt/libevent/include/event2'
 /usr/bin/install -c -m 644 include/event2/event-config.h '/opt/libevent/include/event2'
 /usr/bin/mkdir -p '/opt/libevent/lib/pkgconfig'
 /usr/bin/install -c -m 644 libevent.pc libevent_core.pc libevent_extra.pc libevent_pthreads.pc libevent_openssl.pc '/opt/libevent/lib/pkgconfig'
make[2]: Leaving directory '/opt/libevent/archive/source/libevent-2.1.12-stable'
make[1]: Leaving directory '/opt/libevent/archive/source/libevent-2.1.12-stable'

